#
# There is insufficient memory for the Java Runtime Environment to continue.
# Native memory allocation (mmap) failed to map 257949696 bytes for Failed to commit area from 0x000000070a200000 to 0x0000000719800000 of length 257949696.
# Possible reasons:
#   The system is out of physical RAM or swap space
#   The process is running with CompressedOops enabled, and the Java Heap may be blocking the growth of the native heap
# Possible solutions:
#   Reduce memory load on the system
#   Increase physical memory or swap space
#   Check if swap backing store is full
#   Decrease Java heap size (-Xmx/-Xms)
#   Decrease number of Java threads
#   Decrease Java thread stack sizes (-Xss)
#   Set larger code cache with -XX:ReservedCodeCacheSize=
# This output file may be truncated or incomplete.
#
#  Out of Memory Error (./src/hotspot/os/windows/os_windows.cpp:3387), pid=25788, tid=3332
#
# JRE version:  (11.0.14.1+1) (build )
# Java VM: OpenJDK 64-Bit Server VM (11.0.14.1+1, mixed mode, sharing, tiered, compressed oops, g1 gc, windows-amd64)
# No core dump will be written. Minidumps are not enabled by default on client versions of Windows
#

---------------  S U M M A R Y ------------

Command Line: -Dfile.encoding=UTF-8 

Host: AMD Ryzen 7 4800H with Radeon Graphics         , 16 cores, 15G,  Windows 10 , 64 bit Build 19041 (10.0.19041.3636)
Time: Fri May 31 15:48:28 2024 Eastern Daylight Time elapsed time: 0.012087 seconds (0d 0h 0m 0s)

---------------  T H R E A D  ---------------

Current thread (0x000001fd8e6b7000):  JavaThread "Unknown thread" [_thread_in_vm, id=3332, stack(0x000000e5df400000,0x000000e5df500000)]

Stack: [0x000000e5df400000,0x000000e5df500000]
Native frames: (J=compiled Java code, j=interpreted, Vv=VM code, C=native code)
V  [jvm.dll+0x61e59a]
V  [jvm.dll+0x7aaca9]
V  [jvm.dll+0x7ac398]
V  [jvm.dll+0x7aca73]
V  [jvm.dll+0x24f9b8]
V  [jvm.dll+0x61b83a]
V  [jvm.dll+0x6100c5]
V  [jvm.dll+0x30772c]
V  [jvm.dll+0x3075b2]
V  [jvm.dll+0x30c2d6]
V  [jvm.dll+0x35272f]
V  [jvm.dll+0x352160]
V  [jvm.dll+0x2e4728]
V  [jvm.dll+0x2e5886]
V  [jvm.dll+0x784b07]
V  [jvm.dll+0x78628f]
V  [jvm.dll+0x35f479]
V  [jvm.dll+0x767aa0]
V  [jvm.dll+0x3ccf1f]
V  [jvm.dll+0x3cf2b1]
C  [jli.dll+0x5207]
C  [ucrtbase.dll+0x21bb2]
C  [KERNEL32.DLL+0x17344]
C  [ntdll.dll+0x526b1]


---------------  P R O C E S S  ---------------

Threads class SMR info:
_java_thread_list=0x000001fd8e4cfd70, length=0, elements={
}

Java Threads: ( => current thread )

Other Threads:
  0x000001fd8e6cd800 GCTaskThread "GC Thread#0" [stack: 0x000000e5df500000,0x000000e5df600000] [id=32028]
  0x000001fd8e72a800 ConcurrentGCThread "G1 Main Marker" [stack: 0x000000e5df600000,0x000000e5df700000] [id=33284]
  0x000001fd8e72c000 ConcurrentGCThread "G1 Conc#0" [stack: 0x000000e5df700000,0x000000e5df800000] [id=27456]

[error occurred during error reporting (printing all threads), id 0xc0000005, EXCEPTION_ACCESS_VIOLATION (0xc0000005) at pc=0x00007ffeedad3ef7]

VM state:not at safepoint (not fully initialized)

VM Mutex/Monitor currently owned by a thread:  ([mutex/lock_event])
[0x000001fd8e6b4ff0] Heap_lock - owner thread: 0x000001fd8e6b7000

Heap address: 0x000000070a200000, size: 3934 MB, Compressed Oops mode: Non-zero based: 0x000000070a200000
Narrow klass base: 0x0000000000000000, Narrow klass shift: 0

GC Heap History (0 events):
No events

Deoptimization events (0 events):
No events

Classes redefined (0 events):
No events

Internal exceptions (0 events):
No events

Events (1 events):
Event: 0.007 Loaded shared library C:\Program Files\Unity\Hub\Editor\2022.3.7f1\Editor\Data\PlaybackEngines\AndroidPlayer\OpenJDK\bin\zip.dll


Dynamic libraries:
0x00007ff73f8f0000 - 0x00007ff73f8fd000 	C:\Program Files\Unity\Hub\Editor\2022.3.7f1\Editor\Data\PlaybackEngines\AndroidPlayer\OpenJDK\bin\java.exe
0x00007ff85b1f0000 - 0x00007ff85b3e8000 	C:\windows\SYSTEM32\ntdll.dll
0x00007ff859820000 - 0x00007ff8598dd000 	C:\windows\System32\KERNEL32.DLL
0x00007ff858cd0000 - 0x00007ff858fc6000 	C:\windows\System32\KERNELBASE.dll
0x00007ff858fd0000 - 0x00007ff8590d0000 	C:\windows\System32\ucrtbase.dll
0x00007fffe2860000 - 0x00007fffe2877000 	C:\Program Files\Unity\Hub\Editor\2022.3.7f1\Editor\Data\PlaybackEngines\AndroidPlayer\OpenJDK\bin\jli.dll
0x00007fffe2840000 - 0x00007fffe2855000 	C:\Program Files\Unity\Hub\Editor\2022.3.7f1\Editor\Data\PlaybackEngines\AndroidPlayer\OpenJDK\bin\VCRUNTIME140.dll
0x00007ff859280000 - 0x00007ff85941f000 	C:\windows\System32\USER32.dll
0x00007ff8589c0000 - 0x00007ff8589e2000 	C:\windows\System32\win32u.dll
0x00007ff833940000 - 0x00007ff833bda000 	C:\windows\WinSxS\amd64_microsoft.windows.common-controls_6595b64144ccf1df_6.0.19041.4355_none_60b8b9eb71f62e16\COMCTL32.dll
0x00007ff859420000 - 0x00007ff8594be000 	C:\windows\System32\msvcrt.dll
0x00007ff859660000 - 0x00007ff85968b000 	C:\windows\System32\GDI32.dll
0x00007ff8588a0000 - 0x00007ff8589b7000 	C:\windows\System32\gdi32full.dll
0x00007ff859180000 - 0x00007ff85921d000 	C:\windows\System32\msvcp_win.dll
0x00007ff8598e0000 - 0x00007ff859912000 	C:\windows\System32\IMM32.DLL
0x00007ffeee370000 - 0x00007ffeee40b000 	C:\Program Files\Unity\Hub\Editor\2022.3.7f1\Editor\Data\PlaybackEngines\AndroidPlayer\OpenJDK\bin\msvcp140.dll
0x00007ffeed7e0000 - 0x00007ffeee361000 	C:\Program Files\Unity\Hub\Editor\2022.3.7f1\Editor\Data\PlaybackEngines\AndroidPlayer\OpenJDK\bin\server\jvm.dll
0x00007ff859920000 - 0x00007ff8599d0000 	C:\windows\System32\ADVAPI32.dll
0x00007ff8595c0000 - 0x00007ff859660000 	C:\windows\System32\sechost.dll
0x00007ff859a90000 - 0x00007ff859bb3000 	C:\windows\System32\RPCRT4.dll
0x00007ff858ca0000 - 0x00007ff858cc7000 	C:\windows\System32\bcrypt.dll
0x00007ff859a80000 - 0x00007ff859a88000 	C:\windows\System32\PSAPI.DLL
0x00007ff8346f0000 - 0x00007ff8346f9000 	C:\windows\SYSTEM32\WSOCK32.dll
0x00007ff85a500000 - 0x00007ff85a56b000 	C:\windows\System32\WS2_32.dll
0x00007ff850cf0000 - 0x00007ff850cfa000 	C:\windows\SYSTEM32\VERSION.dll
0x00007ff84db80000 - 0x00007ff84dba7000 	C:\windows\SYSTEM32\WINMM.dll
0x00007ff856720000 - 0x00007ff856732000 	C:\windows\SYSTEM32\kernel.appcore.dll
0x00007fffe2830000 - 0x00007fffe2840000 	C:\Program Files\Unity\Hub\Editor\2022.3.7f1\Editor\Data\PlaybackEngines\AndroidPlayer\OpenJDK\bin\verify.dll
0x00007ff84f070000 - 0x00007ff84f254000 	C:\windows\SYSTEM32\DBGHELP.DLL
0x00007ff84d220000 - 0x00007ff84d254000 	C:\windows\SYSTEM32\dbgcore.DLL
0x00007ff8589f0000 - 0x00007ff858a72000 	C:\windows\System32\bcryptPrimitives.dll
0x00007fffe2800000 - 0x00007fffe2828000 	C:\Program Files\Unity\Hub\Editor\2022.3.7f1\Editor\Data\PlaybackEngines\AndroidPlayer\OpenJDK\bin\java.dll
0x00007fff9cec0000 - 0x00007fff9ceca000 	C:\Program Files\Unity\Hub\Editor\2022.3.7f1\Editor\Data\PlaybackEngines\AndroidPlayer\OpenJDK\bin\jimage.dll
0x00007ffeed7c0000 - 0x00007ffeed7d8000 	C:\Program Files\Unity\Hub\Editor\2022.3.7f1\Editor\Data\PlaybackEngines\AndroidPlayer\OpenJDK\bin\zip.dll

dbghelp: loaded successfully - version: 4.0.5 - missing functions: none
symbol engine: initialized successfully - sym options: 0x614 - pdb path: .;C:\Program Files\Unity\Hub\Editor\2022.3.7f1\Editor\Data\PlaybackEngines\AndroidPlayer\OpenJDK\bin;C:\windows\SYSTEM32;C:\windows\WinSxS\amd64_microsoft.windows.common-controls_6595b64144ccf1df_6.0.19041.4355_none_60b8b9eb71f62e16;C:\Program Files\Unity\Hub\Editor\2022.3.7f1\Editor\Data\PlaybackEngines\AndroidPlayer\OpenJDK\bin\server

VM Arguments:
jvm_args: -Dfile.encoding=UTF-8 
java_command: <unknown>
java_class_path (initial): <not set>
Launcher Type: SUN_STANDARD

[Global flags]
     intx CICompilerCount                          = 12                                        {product} {ergonomic}
     uint ConcGCThreads                            = 3                                         {product} {ergonomic}
     uint G1ConcRefinementThreads                  = 13                                        {product} {ergonomic}
   size_t G1HeapRegionSize                         = 1048576                                   {product} {ergonomic}
    uintx GCDrainStackTargetSize                   = 64                                        {product} {ergonomic}
   size_t InitialHeapSize                          = 257949696                                 {product} {ergonomic}
   size_t MarkStackSize                            = 4194304                                   {product} {ergonomic}
   size_t MaxHeapSize                              = 4125097984                                {product} {ergonomic}
   size_t MinHeapDeltaBytes                        = 1048576                                   {product} {ergonomic}
    uintx NonNMethodCodeHeapSize                   = 7594288                                {pd product} {ergonomic}
    uintx NonProfiledCodeHeapSize                  = 122031976                              {pd product} {ergonomic}
    uintx ProfiledCodeHeapSize                     = 122031976                              {pd product} {ergonomic}
    uintx ReservedCodeCacheSize                    = 251658240                              {pd product} {ergonomic}
     bool SegmentedCodeCache                       = true                                      {product} {ergonomic}
     bool UseCompressedClassPointers               = true                                 {lp64_product} {ergonomic}
     bool UseCompressedOops                        = true                                 {lp64_product} {ergonomic}
     bool UseG1GC                                  = true                                      {product} {ergonomic}
     bool UseLargePagesIndividualAllocation        = false                                  {pd product} {ergonomic}

Logging:
Log output configuration:
 #0: stdout all=warning uptime,level,tags
 #1: stderr all=off uptime,level,tags

Environment Variables:
JAVA_HOME=C:\Program Files\Java\jdk-17
JAVA_TOOL_OPTIONS=-Dfile.encoding=UTF-8
PATH=C:\Program Files\Common Files\Oracle\Java\javapath;C:\Program Files\Microsoft\jdk-11.0.16.101-hotspot\bin;C:\Program Files\Eclipse Adoptium\jdk-8.0.362.9-hotspot\bin;C:\Program Files\Oculus\Support\oculus-runtime;C:\Program Files (x86)\Common Files\Oracle\Java\javapath;C:\windows\system32;C:\windows;C:\windows\System32\Wbem;C:\windows\System32\WindowsPowerShell\v1.0\;C:\windows\System32\OpenSSH\;C:\Program Files (x86)\NVIDIA Corporation\PhysX\Common;C:\Program Files\NVIDIA Corporation\NVIDIA NvDLISR;C:\Program Files\Java\jdk-13.0.2\bin;C:\Program Files (x86)\GtkSharp\2.12\bin;C:\Users\gabys\AppData\Local\Programs\Python\Python39\Scripts\;C:\Program Files\dotnet\;C:\Program Files\Microsoft SQL Server\130\Tools\Binn\;C:\Program Files\Microsoft SQL Server\150\Tools\Binn\;C:\Program Files\Git\cmd;C:\Program Files\nodejs\;C:\ProgramData\chocolatey\bin;C:\Program Files (x86)\Windows Kits\10\Windows Performance Toolkit\;C:\Program Files\Java\jdk-17\bin;C;C:\Program Files\HP\HP One Agent;C:\Users\gabys\anaconda3;C:\Users\gabys\anaconda3\Library\mingw-w64\bin;C:\Users\gabys\anaconda3\Library\usr\bin;C:\Users\gabys\anaconda3\Library\bin;C:\Users\gabys\anaconda3\Scripts;C:\Users\gabys\AppData\Local\Programs\Python\Launcher\;C:\Users\gabys\AppData\Local\Programs\Python\Python39\Scripts\;C:\Users\gabys\AppData\Local\Programs\Python\Python39\;C:\Users\gabys\AppData\Local\Microsoft\WindowsApps;C:\Users\gabys\AppData\Local\Programs\Microsoft VS Code\bin;C:\Users\gabys\AppData\Local\GitHubDesktop\bin;C:\Users\gabys\.dotnet\tools;C:\Users\gabys\AppData\Roaming\npm;C:\ghcup\bin;C:\Users\gabys\AppData\Roaming\cabal\bin;C:\tools\ghc-9.4.1\bin;C:\tools\msys64;C:\msys64\mingw64\bin;C:\Users\gabys\AppData\Local\Programs\Azure Data Studio\bin;C:\Users\gabys\AppData\Local\Programs\Python\Python310\Scripts\;C:\Users\gabys\AppData\Local\Programs\Python\Python310\;C:\Users\gabys\.dotnet\tools
USERNAME=gabys
OS=Windows_NT
PROCESSOR_IDENTIFIER=AMD64 Family 23 Model 96 Stepping 1, AuthenticAMD



---------------  S Y S T E M  ---------------

OS: Windows 10 , 64 bit Build 19041 (10.0.19041.3636)
OS uptime: 6 days 18:46 hours

CPU:total 16 (initial active 16) (16 cores per cpu, 2 threads per core) family 23 model 96 stepping 1 microcode 0x0, cmov, cx8, fxsr, mmx, sse, sse2, sse3, ssse3, sse4.1, sse4.2, popcnt, avx, avx2, aes, clmul, mmxext, 3dnowpref, lzcnt, sse4a, ht, tsc, tscinvbit, tscinv, bmi1, bmi2, adx, sha, fma

Memory: 4k page, system-wide physical 15731M (855M free)
TotalPageFile size 35234M (AvailPageFile size 95M)
current process WorkingSet (physical memory assigned to process): 10M, peak: 10M
current process commit charge ("private bytes"): 71M, peak: 317M

vm_info: OpenJDK 64-Bit Server VM (11.0.14.1+1) for windows-amd64 JRE (11.0.14.1+1), built on Feb  9 2022 01:48:27 by "" with unknown MS VC++:1916

END.
